  Rayon.cpp
c:\users\michael\documents\github\tp2\tp2\rayon.cpp(41): warning C4018: '<': signed/unsigned mismatch
c:\users\michael\documents\github\tp2\tp2\rayon.cpp(58): warning C4018: '<': signed/unsigned mismatch
c:\users\michael\documents\github\tp2\tp2\rayon.cpp(63): error C3867: 'Produit::obtenirNom': non-standard syntax; use '&' to create a pointer to member
c:\users\michael\documents\github\tp2\tp2\rayon.cpp(63): error C2297: '+': illegal, right operand has type 'std::string (__thiscall Produit::* )(void) const'
  Produit.cpp
c:\users\michael\documents\github\tp2\tp2\produit.cpp(52): error C3867: 'Produit::obtenirReference': non-standard syntax; use '&' to create a pointer to member
c:\users\michael\documents\github\tp2\tp2\produit.cpp(54): error C3867: 'Produit::obtenirPrix': non-standard syntax; use '&' to create a pointer to member
c:\users\michael\documents\github\tp2\tp2\produit.cpp(61): error C2678: binary '<<': no operator found which takes a left-hand operand of type 'std::istream' (or there is no acceptable conversion)
  c:\users\michael\documents\github\tp2\tp2\produit.cpp(49): note: could be 'std::ostream &operator <<(std::ostream &,const Produit &)'
  c:\users\michael\documents\github\tp2\tp2\produit.cpp(61): note: while trying to match the argument list '(std::istream, overloaded-function)'
  Panier.cpp
c:\users\michael\documents\github\tp2\tp2\panier.cpp(22): error C2059: syntax error: ']'
c:\users\michael\documents\github\tp2\tp2\panier.cpp(48): warning C4018: '<': signed/unsigned mismatch
c:\users\michael\documents\github\tp2\tp2\panier.cpp(57): error C3867: 'Produit::obtenirPrix': non-standard syntax; use '&' to create a pointer to member
c:\users\michael\documents\github\tp2\tp2\panier.cpp(58): warning C4018: '<': signed/unsigned mismatch
c:\users\michael\documents\github\tp2\tp2\panier.cpp(60): error C3867: 'Produit::obtenirPrix': non-standard syntax; use '&' to create a pointer to member
c:\users\michael\documents\github\tp2\tp2\panier.cpp(60): error C2446: '<': no conversion from 'Produit *' to 'double (__thiscall Produit::* )(void) const'
  c:\users\michael\documents\github\tp2\tp2\panier.cpp(60): note: There is no context in which this conversion is possible
c:\users\michael\documents\github\tp2\tp2\panier.cpp(68): error C2065: 'contenuPanier_': undeclared identifier
c:\users\michael\documents\github\tp2\tp2\panier.cpp(68): error C2228: left of '.size' must have class/struct/union
  c:\users\michael\documents\github\tp2\tp2\panier.cpp(68): note: type is 'unknown-type'
c:\users\michael\documents\github\tp2\tp2\panier.cpp(69): error C2065: 'contenuPanier_': undeclared identifier
c:\users\michael\documents\github\tp2\tp2\panier.cpp(69): error C2227: left of '->afficher' must point to class/struct/union/generic type
c:\users\michael\documents\github\tp2\tp2\panier.cpp(72): error C2065: 'totalAPayer_': undeclared identifier
  main.cpp
c:\users\michael\documents\github\tp2\tp2\main.cpp(29): error C2679: binary '>>': no operator found which takes a right-hand operand of type 'Produit *' (or there is no acceptable conversion)
  d:\microsoft visual studio\vc\tools\msvc\14.12.25827\include\istream(474): note: could be 'std::basic_istream<char,std::char_traits<char>> &std::basic_istream<char,std::char_traits<char>>::operator >>(std::basic_streambuf<char,std::char_traits<char>> *)'
  d:\microsoft visual studio\vc\tools\msvc\14.12.25827\include\istream(455): note: or       'std::basic_istream<char,std::char_traits<char>> &std::basic_istream<char,std::char_traits<char>>::operator >>(void *&)'
  d:\microsoft visual studio\vc\tools\msvc\14.12.25827\include\istream(437): note: or       'std::basic_istream<char,std::char_traits<char>> &std::basic_istream<char,std::char_traits<char>>::operator >>(long double &)'
  d:\microsoft visual studio\vc\tools\msvc\14.12.25827\include\istream(419): note: or       'std::basic_istream<char,std::char_traits<char>> &std::basic_istream<char,std::char_traits<char>>::operator >>(double &)'
  d:\microsoft visual studio\vc\tools\msvc\14.12.25827\include\istream(400): note: or       'std::basic_istream<char,std::char_traits<char>> &std::basic_istream<char,std::char_traits<char>>::operator >>(float &)'
  d:\microsoft visual studio\vc\tools\msvc\14.12.25827\include\istream(382): note: or       'std::basic_istream<char,std::char_traits<char>> &std::basic_istream<char,std::char_traits<char>>::operator >>(unsigned __int64 &)'
  d:\microsoft visual studio\vc\tools\msvc\14.12.25827\include\istream(363): note: or       'std::basic_istream<char,std::char_traits<char>> &std::basic_istream<char,std::char_traits<char>>::operator >>(__int64 &)'
  d:\microsoft visual studio\vc\tools\msvc\14.12.25827\include\istream(344): note: or       'std::basic_istream<char,std::char_traits<char>> &std::basic_istream<char,std::char_traits<char>>::operator >>(unsigned long &)'
  d:\microsoft visual studio\vc\tools\msvc\14.12.25827\include\istream(326): note: or       'std::basic_istream<char,std::char_traits<char>> &std::basic_istream<char,std::char_traits<char>>::operator >>(long &)'
  d:\microsoft visual studio\vc\tools\msvc\14.12.25827\include\istream(308): note: or       'std::basic_istream<char,std::char_traits<char>> &std::basic_istream<char,std::char_traits<char>>::operator >>(unsigned int &)'
  d:\microsoft visual studio\vc\tools\msvc\14.12.25827\include\istream(282): note: or       'std::basic_istream<char,std::char_traits<char>> &std::basic_istream<char,std::char_traits<char>>::operator >>(int &)'
  d:\microsoft visual studio\vc\tools\msvc\14.12.25827\include\istream(263): note: or       'std::basic_istream<char,std::char_traits<char>> &std::basic_istream<char,std::char_traits<char>>::operator >>(unsigned short &)'
  d:\microsoft visual studio\vc\tools\msvc\14.12.25827\include\istream(228): note: or       'std::basic_istream<char,std::char_traits<char>> &std::basic_istream<char,std::char_traits<char>>::operator >>(short &)'
  d:\microsoft visual studio\vc\tools\msvc\14.12.25827\include\istream(209): note: or       'std::basic_istream<char,std::char_traits<char>> &std::basic_istream<char,std::char_traits<char>>::operator >>(bool &)'
  d:\microsoft visual studio\vc\tools\msvc\14.12.25827\include\istream(203): note: or       'std::basic_istream<char,std::char_traits<char>> &std::basic_istream<char,std::char_traits<char>>::operator >>(std::ios_base &(__cdecl *)(std::ios_base &))'
  d:\microsoft visual studio\vc\tools\msvc\14.12.25827\include\istream(197): note: or       'std::basic_istream<char,std::char_traits<char>> &std::basic_istream<char,std::char_traits<char>>::operator >>(std::basic_ios<char,std::char_traits<char>> &(__cdecl *)(std::basic_ios<char,std::char_traits<char>> &))'
  d:\microsoft visual studio\vc\tools\msvc\14.12.25827\include\istream(192): note: or       'std::basic_istream<char,std::char_traits<char>> &std::basic_istream<char,std::char_traits<char>>::operator >>(std::basic_istream<char,std::char_traits<char>> &(__cdecl *)(std::basic_istream<char,std::char_traits<char>> &))'
  d:\microsoft visual studio\vc\tools\msvc\14.12.25827\include\istream(1087): note: or       'std::basic_istream<char,std::char_traits<char>> &std::operator >><char,std::char_traits<char>,Produit*&>(std::basic_istream<char,std::char_traits<char>> &&,_Ty)'
          with
          [
              _Ty=Produit *&
          ]
  d:\microsoft visual studio\vc\tools\msvc\14.12.25827\include\istream(1077): note: or       'std::basic_istream<char,std::char_traits<char>> &std::operator >><std::char_traits<char>>(std::basic_istream<char,std::char_traits<char>> &,unsigned char &)'
  d:\microsoft visual studio\vc\tools\msvc\14.12.25827\include\istream(1070): note: or       'std::basic_istream<char,std::char_traits<char>> &std::operator >><std::char_traits<char>>(std::basic_istream<char,std::char_traits<char>> &,unsigned char *)'
  d:\microsoft visual studio\vc\tools\msvc\14.12.25827\include\istream(1063): note: or       'std::basic_istream<char,std::char_traits<char>> &std::operator >><std::char_traits<char>>(std::basic_istream<char,std::char_traits<char>> &,signed char &)'
  d:\microsoft visual studio\vc\tools\msvc\14.12.25827\include\istream(1056): note: or       'std::basic_istream<char,std::char_traits<char>> &std::operator >><std::char_traits<char>>(std::basic_istream<char,std::char_traits<char>> &,signed char *)'
  c:\users\michael\documents\github\tp2\tp2\main.cpp(29): note: while trying to match the argument list '(std::istream, Produit *)'
c:\users\michael\documents\github\tp2\tp2\main.cpp(46): warning C4552: '>': operator has no effect; expected operator with side-effect
c:\users\michael\documents\github\tp2\tp2\main.cpp(59): error C3867: 'Rayon::ajouterProduit': non-standard syntax; use '&' to create a pointer to member
c:\users\michael\documents\github\tp2\tp2\main.cpp(59): error C2107: illegal index, indirection not allowed
c:\users\michael\documents\github\tp2\tp2\main.cpp(75): error C2678: binary '==': no operator found which takes a left-hand operand of type 'int' (or there is no acceptable conversion)
  d:\microsoft visual studio\vc\tools\msvc\14.12.25827\include\system_error(374): note: could be 'bool std::operator ==(const std::error_condition &,const std::error_condition &) noexcept'
  d:\microsoft visual studio\vc\tools\msvc\14.12.25827\include\system_error(368): note: or       'bool std::operator ==(const std::error_condition &,const std::error_code &) noexcept'
  d:\microsoft visual studio\vc\tools\msvc\14.12.25827\include\system_error(362): note: or       'bool std::operator ==(const std::error_code &,const std::error_condition &) noexcept'
  d:\microsoft visual studio\vc\tools\msvc\14.12.25827\include\system_error(356): note: or       'bool std::operator ==(const std::error_code &,const std::error_code &) noexcept'
  d:\microsoft visual studio\vc\tools\msvc\14.12.25827\include\exception(329): note: or       'bool std::operator ==(const std::exception_ptr &,std::nullptr_t) noexcept'
  d:\microsoft visual studio\vc\tools\msvc\14.12.25827\include\exception(324): note: or       'bool std::operator ==(std::nullptr_t,const std::exception_ptr &) noexcept'
  d:\microsoft visual studio\vc\tools\msvc\14.12.25827\include\exception(319): note: or       'bool std::operator ==(const std::exception_ptr &,const std::exception_ptr &) noexcept'
  c:\users\michael\documents\github\tp2\tp2\main.cpp(75): note: while trying to match the argument list '(int, Client)'
  Client.cpp
c:\users\michael\documents\github\tp2\tp2\client.cpp(86): error C2664: 'Panier::Panier(const Panier &)': cannot convert argument 1 from 'int' to 'const Panier &'
  c:\users\michael\documents\github\tp2\tp2\client.cpp(86): note: Reason: cannot convert from 'int' to 'const Panier'
  c:\users\michael\documents\github\tp2\tp2\client.cpp(86): note: No constructor could take the source type, or constructor overload resolution was ambiguous
c:\users\michael\documents\github\tp2\tp2\client.cpp(101): error C2039: 'afficher': is not a member of 'Panier'
  c:\users\michael\documents\github\tp2\tp2\panier.h(16): note: see declaration of 'Panier'
  Generating Code...
